#
#
#
#
#
#    Don't try viewing this report without a plog-converter utility!!!
#
#    plog-converter -a GA:1,2 -t tasklist -o report.tasks /path/to/this/file.log
#
#    A link to the documentation: https://pvs-studio.com/en/docs/manual/0036/
#
#
#
#
#
d99cf3ba-6fcd-43f9-9260-1179fa3a9bed
dR'8_uR%RrxSS*RER'haa@->uR%R|_u ->ucOgTT<CK.1W<ccccccccccccc6F[K.1W<txRER U2=u$2UaPR% U2=uER2uvu2R%*ERPu==UjuR%R,LucPU'a8cNOgTT<CK.1W<Nc-=cUc_U>jua8h=cu/kau==-8>}c,Lucu/kau==-8>cPh=oc9uc=haa8h>_u_c9fckUau>oLu=u=}RER>u/o@->uR%R|_u ->uc6$MKT1@<Q$6<ccccccccccccJ[VRERk8=-o-8>=R%!dR -2uR%R(a88o(Fu=so8k(1,O$(.?(,\x(j289U2=}LRER2->u=R%!G"B"ERkauv@->uR%R|_u ->uc6F[K.1W<cccccccccccccccc*JRB
dR'8_uR%Rr[[GRER'haa@->uR%Rcccccccccccccccccccc=LPKPU->Kkoa!=LPK->_u/"}au=k8>=u!9fou=KauU_cwx"cmcN))SNnRER']uR%GXGER U2=u$2UaPR% U2=uER2uvu2R%JERPu==UjuR%R$aaUfch>_uaah>c-=ck8==-92u}c,LucvU2huc8 cN9fou=KauU_cwcxNc->_u/c'8h2_cauU'LcwJ}RER>u/o@->uR%RccccccccccccccccccccRERk8=-o-8>=R%!dR -2uR%R(a88o(Fu=so8k(1,O$(.?(,\x(PU->}'RER2->u=R%!xbG"B"ER=U=o1_R%R{<C,w$CC*Sw{RB
dR'8_uR%Rr[G[RER'haa@->uR%Rcccccccccccccccccccc=oa>'kf;=LPKPU->Kkoa!=LPK->_u/"}au=k8>=uEc9h  uaEc9fou=KauU_^nRER']uR%VJXER U2=u$2UaPR% U2=uER2uvu2R%JERPu==UjuR%R,LucN=oa>'kfNc h>'o-8>cka8'u==u=cN9fou=KauU_cmc!wx}}**"Ncu2uPu>o=}c1>=ku'ocoLucoL-a_cUajhPu>o}RER>u/o@->uR%Rcccccccccccccccccccc=oa'kf;=LPKPU->Kkoa!=LPK->_u/"} -2uQUPuEcUajv!=LPK->_u/ctcx"^nRERk8=-o-8>=R%!dR -2uR%R(a88o(Fu=so8k(1,O$(.?(,\x(PU->}'RER2->u=R%!xbb"B"ERkauv@->uR%Rcccccccccccccccccccc((c&c<2c\1Fcfcu2cT-2uQUPuc28c_uvhu2vucu2cu='2Uv8RER=U=o1_R%R{<C,w<M\*Gw{RB
dR'8_uR%RrG[[RER'haa@->uR%Rcccccccccccccccccccc=oa'kf;=LPKPU->Kkoa!=LPK->_u/"} -2uQUPuEcUajv!=LPK->_u/ctcx"^nRER']uR%xJ*ER U2=u$2UaPR% U2=uER2uvu2R%JERPu==UjuR%R{8kf->jck8ou>o-U22fcoU->ou_c_UoUc a8PcNUajvNco8c9h  uacN=LPKPU->Kkoa!=LPK->_u/"} -2uQUPuN}cOh  uac8vua 28]c-=ck8==-92u}RERk8=-o-8>=R%!dR -2uR%R(a88o(Fu=so8k(1,O$(.?(,\x(PU->}'RER2->u=R%!xb["B"ERkauv@->uR%Rcccccccccccccccccccc=oa>'kf;=LPKPU->Kkoa!=LPK->_u/"}au=k8>=uEc9h  uaEc9fou=KauU_^nRER=U=o1_R%R{<C,w.,C*xw{RB
dR'8_uR%Rr[J[RER'haa@->uR%Rcccccccccccccccccccccccc'28=u;=2Uvu=1> 8!-"}k-ku=!$\\K,?K.@$r<"} _4^nRER']uR%VXJER U2=u$2UaPR% U2=uER2uvu2R%*ERPu==UjuR%R,Luc'8_uc'8>oU->=coLuc'822u'o-8>c8 c=-P-2Uac928's=}c{Lu'sc-ouP=cN _4NEcN _CNEcN _CNc->c2->u=cxV*EcxVbEcxV[}RER>u/o@->uR%Rcccccccccccccccccccccccc'28=u;=2Uvu=1> 8!-"}k-ku=!$\\K,?K.@$r<"} _C^nRERk8=-o-8>=R%!dR -2uR%R(a88o(Fu=so8k(1,O$(.?(,\x(PU->}'RER2->u=R%!xV*ExVbExV["B"ERkauv@->uR%RccccccccccccccccccccBcu2=udc((c>8cLUfcPU=c -2u=ckUaUcka8'u=UaRB
